<?xml version="1.0" encoding="UTF-8"?>
<testng-results skipped="0" failed="0" total="1" passed="1">
  <reporter-output>
  </reporter-output>
  <suite name="Default suite" duration-ms="5775" started-at="2020-03-28T21:48:09Z" finished-at="2020-03-28T21:48:15Z">
    <groups>
    </groups>
    <test name="Default test" duration-ms="5775" started-at="2020-03-28T21:48:09Z" finished-at="2020-03-28T21:48:15Z">
      <class name="Selenium.framework.NewTest">
        <test-method status="PASS" signature="testSetUp()[pri:0, instance:Selenium.framework.NewTest@7a4ccb53]" name="testSetUp" is-config="true" duration-ms="1907" started-at="2020-03-29T03:18:09Z" finished-at="2020-03-29T03:18:11Z">
          <reporter-output>
          </reporter-output>
        </test-method> <!-- testSetUp -->
        <test-method status="PASS" signature="verifyGooglePageTittle()[pri:0, instance:Selenium.framework.NewTest@7a4ccb53]" name="verifyGooglePageTittle" duration-ms="3642" started-at="2020-03-29T03:18:11Z" finished-at="2020-03-29T03:18:15Z">
          <reporter-output>
          </reporter-output>
        </test-method> <!-- verifyGooglePageTittle -->
        <test-method status="PASS" signature="tearDown()[pri:0, instance:Selenium.framework.NewTest@7a4ccb53]" name="tearDown" is-config="true" duration-ms="205" started-at="2020-03-29T03:18:15Z" finished-at="2020-03-29T03:18:15Z">
          <reporter-output>
          </reporter-output>
        </test-method> <!-- tearDown -->
      </class> <!-- Selenium.framework.NewTest -->
    </test> <!-- Default test -->
  </suite> <!-- Default suite -->
</testng-results>
